<?xml version="1.0" encoding="UTF-8"?>
<!-- Generated by org.testng.reporters.JUnitReportReporter -->
<testsuite hostname="Pavan_Home_Laptop" failures="0" tests="1" name="Base.SetUp" time="0.058" errors="0" timestamp="2022-03-24T14:59:03 AEDT" skipped="0">
  <testcase classname="Base.SetUp" name="method" time="0.058"/>
  <system-out/>
</testsuite> <!-- Base.SetUp -->
