<?xml version="1.0" encoding="UTF-8"?>
<!-- Generated by org.testng.reporters.JUnitReportReporter -->
<testsuite skipped="0" hostname="Pavan_Home_Laptop" name="UpdateDetailsTests.Updatepolicydetailstest" tests="1" failures="0" timestamp="2022-04-10T20:59:27 AEST" time="29.680" errors="0">
  <testcase name="Updatedetails" time="29.680" classname="UpdateDetailsTests.Updatepolicydetailstest"/>
  <system-out/>
</testsuite> <!-- UpdateDetailsTests.Updatepolicydetailstest -->
