<?xml version="1.0" encoding="UTF-8"?>
<!-- Generated by org.testng.reporters.JUnitReportReporter -->
<testsuite hostname="Pavan_Home_Laptop" failures="0" tests="1" name="CguTests.CarClaimTest" time="10.093" errors="0" timestamp="2022-03-22T19:38:14 AEDT" skipped="0">
  <testcase classname="CguTests.CarClaimTest" name="carClaimsForm" time="10.093"/>
  <system-out/>
</testsuite> <!-- CguTests.CarClaimTest -->
